<?xml version="1.0" encoding="UTF-8"?>
<testng-results skipped="0" failed="0" ignored="0" total="1" passed="1">
  <reporter-output>
  </reporter-output>
  <suite name="Default suite" duration-ms="181" started-at="2020-12-23T03:45:36Z" finished-at="2020-12-23T03:45:36Z">
    <groups>
    </groups>
    <test name="Default test" duration-ms="181" started-at="2020-12-23T03:45:36Z" finished-at="2020-12-23T03:45:36Z">
      <class name="testsuita.TestA">
        <test-method status="PASS" signature="add()[pri:0, instance:testsuita.TestA@458ad742]" name="add" duration-ms="47" started-at="2020-12-23T09:15:36Z" finished-at="2020-12-23T09:15:36Z">
          <reporter-output>
          </reporter-output>
        </test-method> <!-- add -->
      </class> <!-- testsuita.TestA -->
    </test> <!-- Default test -->
  </suite> <!-- Default suite -->
</testng-results>
