<?xml version="1.0" encoding="UTF-8"?>
<testng-results skipped="0" failed="0" ignored="0" total="2" passed="2">
  <reporter-output>
    <line>
      <![CDATA[1]]>
    </line>
    <line>
      <![CDATA[2]]>
    </line>
  </reporter-output>
  <suite name="Default suite" duration-ms="133" started-at="2020-11-25T11:09:35Z" finished-at="2020-11-25T11:09:35Z">
    <groups>
    </groups>
    <test name="Default test" duration-ms="133" started-at="2020-11-25T11:09:35Z" finished-at="2020-11-25T11:09:35Z">
      <class name="Testng.Script">
        <test-method status="PASS" signature="f1()[pri:0, instance:Testng.Script@458ad742]" name="f1" duration-ms="32" started-at="2020-11-25T16:39:35Z" finished-at="2020-11-25T16:39:35Z">
          <reporter-output>
            <line>
              <![CDATA[1]]>
            </line>
          </reporter-output>
        </test-method> <!-- f1 -->
        <test-method status="PASS" signature="test2()[pri:0, instance:Testng.Script@458ad742]" name="test2" duration-ms="8" started-at="2020-11-25T16:39:35Z" finished-at="2020-11-25T16:39:35Z">
          <reporter-output>
            <line>
              <![CDATA[2]]>
            </line>
          </reporter-output>
        </test-method> <!-- test2 -->
      </class> <!-- Testng.Script -->
    </test> <!-- Default test -->
  </suite> <!-- Default suite -->
</testng-results>
